Using pre-set license
Built from '2021.3/staging' branch; Version is '2021.3.19f1 (c9714fde33b6) revision 13201743'; Using compiler version '192829333'; Build Type 'Release'
OS: 'Windows 10  (10.0.19045) 64bit Core' Language: 'ko' Physical Memory: 16057 MB
BatchMode: 1, IsHumanControllingUs: 0, StartBugReporterOnCrash: 0, Is64bit: 1, IsPro: 1

COMMAND LINE ARGUMENTS:
C:\Program Files\2021.3.19f1\Editor\Unity.exe
-adb2
-batchMode
-noUpm
-name
AssetImportWorker0
-projectPath
C:/Users/backw/Desktop/6th/컴퓨터 그래픽스/Unity_2111909_최민선
-logFile
Logs/AssetImportWorker0.log
-srvPort
5250
Successfully changed project path to: C:/Users/backw/Desktop/6th/컴퓨터 그래픽스/Unity_2111909_최민선
C:/Users/backw/Desktop/6th/컴퓨터 그래픽스/Unity_2111909_최민선
[UnityMemory] Configuration Parameters - Can be set up in boot.config
    "memorysetup-bucket-allocator-granularity=16"
    "memorysetup-bucket-allocator-bucket-count=8"
    "memorysetup-bucket-allocator-block-size=33554432"
    "memorysetup-bucket-allocator-block-count=8"
    "memorysetup-main-allocator-block-size=16777216"
    "memorysetup-thread-allocator-block-size=16777216"
    "memorysetup-gfx-main-allocator-block-size=16777216"
    "memorysetup-gfx-thread-allocator-block-size=16777216"
    "memorysetup-cache-allocator-block-size=4194304"
    "memorysetup-typetree-allocator-block-size=2097152"
    "memorysetup-profiler-bucket-allocator-granularity=16"
    "memorysetup-profiler-bucket-allocator-bucket-count=8"
    "memorysetup-profiler-bucket-allocator-block-size=33554432"
    "memorysetup-profiler-bucket-allocator-block-count=8"
    "memorysetup-profiler-allocator-block-size=16777216"
    "memorysetup-profiler-editor-allocator-block-size=1048576"
    "memorysetup-temp-allocator-size-main=16777216"
    "memorysetup-job-temp-allocator-block-size=2097152"
    "memorysetup-job-temp-allocator-block-size-background=1048576"
    "memorysetup-job-temp-allocator-reduction-small-platforms=262144"
    "memorysetup-temp-allocator-size-background-worker=32768"
    "memorysetup-temp-allocator-size-job-worker=262144"
    "memorysetup-temp-allocator-size-preload-manager=33554432"
    "memorysetup-temp-allocator-size-nav-mesh-worker=65536"
    "memorysetup-temp-allocator-size-audio-worker=65536"
    "memorysetup-temp-allocator-size-cloud-worker=32768"
    "memorysetup-temp-allocator-size-gi-baking-worker=262144"
    "memorysetup-temp-allocator-size-gfx=262144"
Player connection [22468] Host "[IP] 172.20.7.172 [Port] 0 [Flags] 2 [Guid] 499597824 [EditorId] 499597824 [Version] 1048832 [Id] WindowsEditor(7,LAPTOP-P82P5LHM) [Debug] 1 [PackageName] WindowsEditor [ProjectName] Editor" joined multi-casting on [225.0.0.222:54997]...

Player connection [22468] Host "[IP] 172.20.7.172 [Port] 0 [Flags] 2 [Guid] 499597824 [EditorId] 499597824 [Version] 1048832 [Id] WindowsEditor(7,LAPTOP-P82P5LHM) [Debug] 1 [PackageName] WindowsEditor [ProjectName] Editor" joined alternative multi-casting on [225.0.0.222:34997]...

Refreshing native plugins compatible for Editor in 276.73 ms, found 3 plugins.
Preloading 0 native plugins for Editor in 0.00 ms.
Initialize engine version: 2021.3.19f1 (c9714fde33b6)
[Subsystems] Discovering subsystems at path C:/Program Files/2021.3.19f1/Editor/Data/Resources/UnitySubsystems
[Subsystems] Discovering subsystems at path C:/Users/backw/Desktop/6th/컴퓨터 그래픽스/Unity_2111909_최민선/Assets
GfxDevice: creating device client; threaded=0; jobified=0
Direct3D:
    Version:  Direct3D 11.0 [level 11.1]
    Renderer: Intel(R) Iris(R) Xe Graphics (ID=0x9a49)
    Vendor:   Intel
    VRAM:     8028 MB
    Driver:   27.20.100.9415
Initialize mono
Mono path[0] = 'C:/Program Files/2021.3.19f1/Editor/Data/Managed'
Mono path[1] = 'C:/Program Files/2021.3.19f1/Editor/Data/MonoBleedingEdge/lib/mono/unityjit-win32'
Mono config path = 'C:/Program Files/2021.3.19f1/Editor/Data/MonoBleedingEdge/etc'
Using monoOptions --debugger-agent=transport=dt_socket,embedding=1,server=y,suspend=n,address=127.0.0.1:56312
Begin MonoManager ReloadAssembly
Registering precompiled unity dll's ...
Register platform support module: C:/Program Files/2021.3.19f1/Editor/Data/PlaybackEngines/AndroidPlayer/UnityEditor.Android.Extensions.dll
Register platform support module: C:/Program Files/2021.3.19f1/Editor/Data/PlaybackEngines/WindowsStandaloneSupport/UnityEditor.WindowsStandalone.Extensions.dll
Registered in 0.018658 seconds.
Native extension for WindowsStandalone target not found
Native extension for Android target not found
Android Extension - Scanning For ADB Devices 1479 ms
Refreshing native plugins compatible for Editor in 353.33 ms, found 3 plugins.
Preloading 0 native plugins for Editor in 0.00 ms.
Mono: successfully reloaded assembly
- Completed reload, in  4.057 seconds
Domain Reload Profiling:
	ReloadAssembly (4059ms)
		BeginReloadAssembly (281ms)
			ExecutionOrderSort (0ms)
			DisableScriptedObjects (0ms)
			BackupInstance (0ms)
			ReleaseScriptingObjects (0ms)
			CreateAndSetChildDomain (2ms)
		EndReloadAssembly (3334ms)
			LoadAssemblies (275ms)
			RebuildTransferFunctionScriptingTraits (0ms)
			SetupTypeCache (434ms)
			ReleaseScriptCaches (0ms)
			RebuildScriptCaches (109ms)
			SetupLoadedEditorAssemblies (2565ms)
				LogAssemblyErrors (0ms)
				InitializePlatformSupportModulesInManaged (1749ms)
				SetLoadedEditorAssemblies (1ms)
				RefreshPlugins (353ms)
				BeforeProcessingInitializeOnLoad (2ms)
				ProcessInitializeOnLoadAttributes (294ms)
				ProcessInitializeOnLoadMethodAttributes (166ms)
				AfterProcessingInitializeOnLoad (0ms)
				EditorAssembliesLoaded (0ms)
			ExecutionOrderSort2 (0ms)
			AwakeInstancesAfterBackupRestoration (0ms)
Platform modules already initialized, skipping
Registering precompiled user dll's ...
Registered in 0.029919 seconds.
Begin MonoManager ReloadAssembly
Symbol file LoadedFromMemory doesn't match image C:\Users\backw\Desktop\6th\컴퓨터 그래픽스\Unity_2111909_최민선\Library\PackageCache\com.unity.visualscripting@1.8.0\Editor\VisualScripting.Core\Dependencies\YamlDotNet\Unity.VisualScripting.YamlDotNet.dll
Symbol file LoadedFromMemory doesn't match image C:\Users\backw\Desktop\6th\컴퓨터 그래픽스\Unity_2111909_최민선\Library\PackageCache\com.unity.visualscripting@1.8.0\Editor\VisualScripting.Core\Dependencies\DotNetZip\Unity.VisualScripting.IonicZip.dll
Native extension for WindowsStandalone target not found
Native extension for Android target not found
Refreshing native plugins compatible for Editor in 1.67 ms, found 3 plugins.
Preloading 0 native plugins for Editor in 0.00 ms.
Mono: successfully reloaded assembly
- Completed reload, in  3.974 seconds
Domain Reload Profiling:
	ReloadAssembly (3978ms)
		BeginReloadAssembly (402ms)
			ExecutionOrderSort (0ms)
			DisableScriptedObjects (19ms)
			BackupInstance (0ms)
			ReleaseScriptingObjects (0ms)
			CreateAndSetChildDomain (56ms)
		EndReloadAssembly (3070ms)
			LoadAssemblies (302ms)
			RebuildTransferFunctionScriptingTraits (0ms)
			SetupTypeCache (1100ms)
			ReleaseScriptCaches (2ms)
			RebuildScriptCaches (196ms)
			SetupLoadedEditorAssemblies (1330ms)
				LogAssemblyErrors (0ms)
				InitializePlatformSupportModulesInManaged (58ms)
				SetLoadedEditorAssemblies (2ms)
				RefreshPlugins (2ms)
				BeforeProcessingInitializeOnLoad (344ms)
				ProcessInitializeOnLoadAttributes (816ms)
				ProcessInitializeOnLoadMethodAttributes (76ms)
				AfterProcessingInitializeOnLoad (32ms)
				EditorAssembliesLoaded (0ms)
			ExecutionOrderSort2 (0ms)
			AwakeInstancesAfterBackupRestoration (25ms)
Platform modules already initialized, skipping
========================================================================
Worker process is ready to serve import requests
Launched and connected shader compiler UnityShaderCompiler.exe after 0.22 seconds
Refreshing native plugins compatible for Editor in 0.61 ms, found 3 plugins.
Preloading 0 native plugins for Editor in 0.00 ms.
Unloading 3047 Unused Serialized files (Serialized files now loaded: 0)
Unloading 24 unused Assets / (113.4 KB). Loaded Objects now: 3509.
Memory consumption went from 107.6 MB to 107.5 MB.
Total: 4.904300 ms (FindLiveObjects: 0.406000 ms CreateObjectMapping: 0.223900 ms MarkObjects: 4.066500 ms  DeleteObjects: 0.204100 ms)

AssetImportParameters requested are different than current active one (requested -> active):
  custom:video-decoder-ogg-theora: a1e56fd34408186e4bbccfd4996cb3dc -> 
  custom:container-muxer-webm: aa71ff27fc2769a1b78a27578f13a17b -> 
  custom:container-demuxer-webm: 4f35f7cbe854078d1ac9338744f61a02 -> 
  custom:video-encoder-webm-vp8: eb34c28f22e8b96e1ab97ce403110664 -> 
  custom:video-codec-MediaFoundation-h265: 746d11721c4dcdbdad8f713fa42b33f4 -> 
  custom:audio-encoder-webm-vorbis: bf7c407c2cedff20999df2af8eb42d56 -> 
  custom:framework-win-MediaFoundation: 216162199b28c13a410421893ffa2e32 -> 
  custom:container-demuxer-ogg: 62fdf1f143b41e24485cea50d1cbac27 -> 
  custom:video-decoder-webm-vp8: 9c59270c3fd7afecdb556c50c9e8de78 -> 
  custom:audio-decoder-ogg-vorbis: bf7c407c2cedff20999df2af8eb42d56 -> 
========================================================================
Received Import Request.
  Time since last request: 218748.158760 seconds.
  path: Assets/Metarier
  artifactKey: Guid(c97f094dd429f2b45abe513342fec42a) Importer(815301076,1909f56bfc062723c751e8b465ee728b)
Start importing Assets/Metarier using Guid(c97f094dd429f2b45abe513342fec42a) Importer(815301076,1909f56bfc062723c751e8b465ee728b)  -> (artifact id: 'f29db97799e5cf3ee0af71016831168a') in 0.036484 seconds 
========================================================================
Received Import Request.
  Time since last request: 8.346116 seconds.
  path: Assets/Cube.mat
  artifactKey: Guid(070d91aa656ca604795ec16505455602) Importer(815301076,1909f56bfc062723c751e8b465ee728b)
Start importing Assets/Cube.mat using Guid(070d91aa656ca604795ec16505455602) Importer(815301076,1909f56bfc062723c751e8b465ee728b)  -> (artifact id: 'd2c36a1b074fe5992b5d19960abeecb6') in 0.502549 seconds 
========================================================================
Received Import Request.
  Time since last request: 7.454133 seconds.
  path: Assets/Metariar
  artifactKey: Guid(c97f094dd429f2b45abe513342fec42a) Importer(815301076,1909f56bfc062723c751e8b465ee728b)
Start importing Assets/Metariar using Guid(c97f094dd429f2b45abe513342fec42a) Importer(815301076,1909f56bfc062723c751e8b465ee728b)  -> (artifact id: '8d32b09202823344e7549dbb9954ea3e') in 0.018386 seconds 
========================================================================
Received Import Request.
  Time since last request: 18.947764 seconds.
  path: Assets/Material
  artifactKey: Guid(c97f094dd429f2b45abe513342fec42a) Importer(815301076,1909f56bfc062723c751e8b465ee728b)
Start importing Assets/Material using Guid(c97f094dd429f2b45abe513342fec42a) Importer(815301076,1909f56bfc062723c751e8b465ee728b)  -> (artifact id: 'cfc859835040c91af9cc0ccf925c324c') in 0.023303 seconds 
========================================================================
Received Import Request.
  Time since last request: 160.462643 seconds.
  path: Assets/Scripts
  artifactKey: Guid(a92a48d6abb7a4f4385b2247c0ecc2cc) Importer(815301076,1909f56bfc062723c751e8b465ee728b)
Start importing Assets/Scripts using Guid(a92a48d6abb7a4f4385b2247c0ecc2cc) Importer(815301076,1909f56bfc062723c751e8b465ee728b)  -> (artifact id: '51fd03e3b5fe2bab2c4e1715bc4fb051') in 0.025274 seconds 
========================================================================
Received Import Request.
  Time since last request: 7.856591 seconds.
  path: Assets/Scripts/Palyer.cs
  artifactKey: Guid(81a7c6fb602e917409a562b1479251c4) Importer(815301076,1909f56bfc062723c751e8b465ee728b)
Start importing Assets/Scripts/Palyer.cs using Guid(81a7c6fb602e917409a562b1479251c4) Importer(815301076,1909f56bfc062723c751e8b465ee728b)  -> (artifact id: '09178cbd79abf6093b6e30d0ce4ccfba') in 0.041754 seconds 
========================================================================
Received Prepare
Registering precompiled user dll's ...
Registered in 0.023059 seconds.
Begin MonoManager ReloadAssembly
Symbol file LoadedFromMemory doesn't match image C:\Users\backw\Desktop\6th\컴퓨터 그래픽스\Unity_2111909_최민선\Library\PackageCache\com.unity.visualscripting@1.8.0\Editor\VisualScripting.Core\Dependencies\YamlDotNet\Unity.VisualScripting.YamlDotNet.dll
Symbol file LoadedFromMemory doesn't match image C:\Users\backw\Desktop\6th\컴퓨터 그래픽스\Unity_2111909_최민선\Library\PackageCache\com.unity.visualscripting@1.8.0\Editor\VisualScripting.Core\Dependencies\DotNetZip\Unity.VisualScripting.IonicZip.dll
Native extension for WindowsStandalone target not found
Native extension for Android target not found
Refreshing native plugins compatible for Editor in 1.17 ms, found 3 plugins.
Preloading 0 native plugins for Editor in 0.00 ms.
Mono: successfully reloaded assembly
- Completed reload, in  3.592 seconds
Domain Reload Profiling:
	ReloadAssembly (3594ms)
		BeginReloadAssembly (432ms)
			ExecutionOrderSort (0ms)
			DisableScriptedObjects (15ms)
			BackupInstance (0ms)
			ReleaseScriptingObjects (0ms)
			CreateAndSetChildDomain (101ms)
		EndReloadAssembly (2741ms)
			LoadAssemblies (284ms)
			RebuildTransferFunctionScriptingTraits (0ms)
			SetupTypeCache (976ms)
			ReleaseScriptCaches (3ms)
			RebuildScriptCaches (156ms)
			SetupLoadedEditorAssemblies (1138ms)
				LogAssemblyErrors (0ms)
				InitializePlatformSupportModulesInManaged (108ms)
				SetLoadedEditorAssemblies (1ms)
				RefreshPlugins (1ms)
				BeforeProcessingInitializeOnLoad (245ms)
				ProcessInitializeOnLoadAttributes (681ms)
				ProcessInitializeOnLoadMethodAttributes (66ms)
				AfterProcessingInitializeOnLoad (35ms)
				EditorAssembliesLoaded (0ms)
			ExecutionOrderSort2 (0ms)
			AwakeInstancesAfterBackupRestoration (29ms)
Platform modules already initialized, skipping
Refreshing native plugins compatible for Editor in 7.44 ms, found 3 plugins.
Preloading 0 native plugins for Editor in 0.00 ms.
Unloading 3042 Unused Serialized files (Serialized files now loaded: 0)
Unloading 17 unused Assets / (79.9 KB). Loaded Objects now: 3553.
Memory consumption went from 112.1 MB to 112.0 MB.
Total: 7.484600 ms (FindLiveObjects: 0.553300 ms CreateObjectMapping: 0.425300 ms MarkObjects: 6.300100 ms  DeleteObjects: 0.203000 ms)

AssetImportParameters requested are different than current active one (requested -> active):
  custom:video-decoder-ogg-theora: a1e56fd34408186e4bbccfd4996cb3dc -> 
  custom:container-muxer-webm: aa71ff27fc2769a1b78a27578f13a17b -> 
  custom:container-demuxer-webm: 4f35f7cbe854078d1ac9338744f61a02 -> 
  custom:video-encoder-webm-vp8: eb34c28f22e8b96e1ab97ce403110664 -> 
  custom:video-codec-MediaFoundation-h265: 746d11721c4dcdbdad8f713fa42b33f4 -> 
  custom:audio-encoder-webm-vorbis: bf7c407c2cedff20999df2af8eb42d56 -> 
  custom:framework-win-MediaFoundation: 216162199b28c13a410421893ffa2e32 -> 
  custom:container-demuxer-ogg: 62fdf1f143b41e24485cea50d1cbac27 -> 
  custom:video-decoder-webm-vp8: 9c59270c3fd7afecdb556c50c9e8de78 -> 
  custom:audio-decoder-ogg-vorbis: bf7c407c2cedff20999df2af8eb42d56 -> 
========================================================================
Received Prepare
Registering precompiled user dll's ...
Registered in 0.025783 seconds.
Begin MonoManager ReloadAssembly
Symbol file LoadedFromMemory doesn't match image C:\Users\backw\Desktop\6th\컴퓨터 그래픽스\Unity_2111909_최민선\Library\PackageCache\com.unity.visualscripting@1.8.0\Editor\VisualScripting.Core\Dependencies\YamlDotNet\Unity.VisualScripting.YamlDotNet.dll
Symbol file LoadedFromMemory doesn't match image C:\Users\backw\Desktop\6th\컴퓨터 그래픽스\Unity_2111909_최민선\Library\PackageCache\com.unity.visualscripting@1.8.0\Editor\VisualScripting.Core\Dependencies\DotNetZip\Unity.VisualScripting.IonicZip.dll
Native extension for WindowsStandalone target not found
Native extension for Android target not found
Refreshing native plugins compatible for Editor in 1.61 ms, found 3 plugins.
Preloading 0 native plugins for Editor in 0.00 ms.
Mono: successfully reloaded assembly
- Completed reload, in  3.731 seconds
Domain Reload Profiling:
	ReloadAssembly (3734ms)
		BeginReloadAssembly (452ms)
			ExecutionOrderSort (0ms)
			DisableScriptedObjects (17ms)
			BackupInstance (0ms)
			ReleaseScriptingObjects (0ms)
			CreateAndSetChildDomain (98ms)
		EndReloadAssembly (2876ms)
			LoadAssemblies (313ms)
			RebuildTransferFunctionScriptingTraits (0ms)
			SetupTypeCache (1045ms)
			ReleaseScriptCaches (4ms)
			RebuildScriptCaches (130ms)
			SetupLoadedEditorAssemblies (1210ms)
				LogAssemblyErrors (0ms)
				InitializePlatformSupportModulesInManaged (115ms)
				SetLoadedEditorAssemblies (2ms)
				RefreshPlugins (2ms)
				BeforeProcessingInitializeOnLoad (256ms)
				ProcessInitializeOnLoadAttributes (729ms)
				ProcessInitializeOnLoadMethodAttributes (68ms)
				AfterProcessingInitializeOnLoad (37ms)
				EditorAssembliesLoaded (1ms)
			ExecutionOrderSort2 (0ms)
			AwakeInstancesAfterBackupRestoration (38ms)
Platform modules already initialized, skipping
Refreshing native plugins compatible for Editor in 7.06 ms, found 3 plugins.
Preloading 0 native plugins for Editor in 0.00 ms.
Unloading 3042 Unused Serialized files (Serialized files now loaded: 0)
Unloading 17 unused Assets / (79.8 KB). Loaded Objects now: 3556.
Memory consumption went from 112.1 MB to 112.0 MB.
Total: 6.725700 ms (FindLiveObjects: 0.449300 ms CreateObjectMapping: 0.207900 ms MarkObjects: 5.906000 ms  DeleteObjects: 0.160000 ms)

AssetImportParameters requested are different than current active one (requested -> active):
  custom:video-decoder-ogg-theora: a1e56fd34408186e4bbccfd4996cb3dc -> 
  custom:container-muxer-webm: aa71ff27fc2769a1b78a27578f13a17b -> 
  custom:container-demuxer-webm: 4f35f7cbe854078d1ac9338744f61a02 -> 
  custom:video-encoder-webm-vp8: eb34c28f22e8b96e1ab97ce403110664 -> 
  custom:video-codec-MediaFoundation-h265: 746d11721c4dcdbdad8f713fa42b33f4 -> 
  custom:audio-encoder-webm-vorbis: bf7c407c2cedff20999df2af8eb42d56 -> 
  custom:framework-win-MediaFoundation: 216162199b28c13a410421893ffa2e32 -> 
  custom:container-demuxer-ogg: 62fdf1f143b41e24485cea50d1cbac27 -> 
  custom:video-decoder-webm-vp8: 9c59270c3fd7afecdb556c50c9e8de78 -> 
  custom:audio-decoder-ogg-vorbis: bf7c407c2cedff20999df2af8eb42d56 -> 
========================================================================
Received Import Request.
  Time since last request: 21.370608 seconds.
  path: Assets/Scripts/Player.cs
  artifactKey: Guid(d813c5ea9f8ec754791b8443e7ea6dce) Importer(815301076,1909f56bfc062723c751e8b465ee728b)
Start importing Assets/Scripts/Player.cs using Guid(d813c5ea9f8ec754791b8443e7ea6dce) Importer(815301076,1909f56bfc062723c751e8b465ee728b)  -> (artifact id: '0247d2d213fcd8d44edf93a60ca7b0f1') in 0.023636 seconds 
========================================================================
Received Prepare
Registering precompiled user dll's ...
Registered in 0.018843 seconds.
Begin MonoManager ReloadAssembly
Symbol file LoadedFromMemory doesn't match image C:\Users\backw\Desktop\6th\컴퓨터 그래픽스\Unity_2111909_최민선\Library\PackageCache\com.unity.visualscripting@1.8.0\Editor\VisualScripting.Core\Dependencies\YamlDotNet\Unity.VisualScripting.YamlDotNet.dll
Symbol file LoadedFromMemory doesn't match image C:\Users\backw\Desktop\6th\컴퓨터 그래픽스\Unity_2111909_최민선\Library\PackageCache\com.unity.visualscripting@1.8.0\Editor\VisualScripting.Core\Dependencies\DotNetZip\Unity.VisualScripting.IonicZip.dll
Native extension for WindowsStandalone target not found
Native extension for Android target not found
Refreshing native plugins compatible for Editor in 2.05 ms, found 3 plugins.
Preloading 0 native plugins for Editor in 0.00 ms.
Mono: successfully reloaded assembly
- Completed reload, in  3.665 seconds
Domain Reload Profiling:
	ReloadAssembly (3667ms)
		BeginReloadAssembly (488ms)
			ExecutionOrderSort (0ms)
			DisableScriptedObjects (23ms)
			BackupInstance (0ms)
			ReleaseScriptingObjects (0ms)
			CreateAndSetChildDomain (105ms)
		EndReloadAssembly (2769ms)
			LoadAssemblies (339ms)
			RebuildTransferFunctionScriptingTraits (0ms)
			SetupTypeCache (981ms)
			ReleaseScriptCaches (5ms)
			RebuildScriptCaches (150ms)
			SetupLoadedEditorAssemblies (1181ms)
				LogAssemblyErrors (0ms)
				InitializePlatformSupportModulesInManaged (112ms)
				SetLoadedEditorAssemblies (2ms)
				RefreshPlugins (2ms)
				BeforeProcessingInitializeOnLoad (259ms)
				ProcessInitializeOnLoadAttributes (706ms)
				ProcessInitializeOnLoadMethodAttributes (65ms)
				AfterProcessingInitializeOnLoad (33ms)
				EditorAssembliesLoaded (0ms)
			ExecutionOrderSort2 (0ms)
			AwakeInstancesAfterBackupRestoration (28ms)
Platform modules already initialized, skipping
Refreshing native plugins compatible for Editor in 6.53 ms, found 3 plugins.
Preloading 0 native plugins for Editor in 0.00 ms.
Unloading 3043 Unused Serialized files (Serialized files now loaded: 0)
Unloading 17 unused Assets / (79.9 KB). Loaded Objects now: 3560.
Memory consumption went from 112.1 MB to 112.1 MB.
Total: 7.373000 ms (FindLiveObjects: 0.435700 ms CreateObjectMapping: 0.205600 ms MarkObjects: 6.478900 ms  DeleteObjects: 0.245200 ms)

AssetImportParameters requested are different than current active one (requested -> active):
  custom:video-decoder-ogg-theora: a1e56fd34408186e4bbccfd4996cb3dc -> 
  custom:container-muxer-webm: aa71ff27fc2769a1b78a27578f13a17b -> 
  custom:container-demuxer-webm: 4f35f7cbe854078d1ac9338744f61a02 -> 
  custom:video-encoder-webm-vp8: eb34c28f22e8b96e1ab97ce403110664 -> 
  custom:video-codec-MediaFoundation-h265: 746d11721c4dcdbdad8f713fa42b33f4 -> 
  custom:audio-encoder-webm-vorbis: bf7c407c2cedff20999df2af8eb42d56 -> 
  custom:framework-win-MediaFoundation: 216162199b28c13a410421893ffa2e32 -> 
  custom:container-demuxer-ogg: 62fdf1f143b41e24485cea50d1cbac27 -> 
  custom:video-decoder-webm-vp8: 9c59270c3fd7afecdb556c50c9e8de78 -> 
  custom:audio-decoder-ogg-vorbis: bf7c407c2cedff20999df2af8eb42d56 -> 
========================================================================
Received Prepare
Refreshing native plugins compatible for Editor in 8.14 ms, found 3 plugins.
Preloading 0 native plugins for Editor in 0.00 ms.
Unloading 17 Unused Serialized files (Serialized files now loaded: 0)
Unloading 17 unused Assets / (77.2 KB). Loaded Objects now: 3560.
Memory consumption went from 51.6 MB to 51.5 MB.
Total: 8.383600 ms (FindLiveObjects: 0.798300 ms CreateObjectMapping: 0.256700 ms MarkObjects: 7.082400 ms  DeleteObjects: 0.243600 ms)

AssetImportParameters requested are different than current active one (requested -> active):
  custom:video-decoder-ogg-theora: a1e56fd34408186e4bbccfd4996cb3dc -> 
  custom:container-muxer-webm: aa71ff27fc2769a1b78a27578f13a17b -> 
  custom:container-demuxer-webm: 4f35f7cbe854078d1ac9338744f61a02 -> 
  custom:video-encoder-webm-vp8: eb34c28f22e8b96e1ab97ce403110664 -> 
  custom:video-codec-MediaFoundation-h265: 746d11721c4dcdbdad8f713fa42b33f4 -> 
  custom:audio-encoder-webm-vorbis: bf7c407c2cedff20999df2af8eb42d56 -> 
  custom:framework-win-MediaFoundation: 216162199b28c13a410421893ffa2e32 -> 
  custom:container-demuxer-ogg: 62fdf1f143b41e24485cea50d1cbac27 -> 
  custom:video-decoder-webm-vp8: 9c59270c3fd7afecdb556c50c9e8de78 -> 
  custom:audio-decoder-ogg-vorbis: bf7c407c2cedff20999df2af8eb42d56 -> 
========================================================================
Received Import Request.
  Time since last request: 362.520425 seconds.
  path: Assets/Material/Cube.mat
  artifactKey: Guid(070d91aa656ca604795ec16505455602) Importer(815301076,1909f56bfc062723c751e8b465ee728b)
Start importing Assets/Material/Cube.mat using Guid(070d91aa656ca604795ec16505455602) Importer(815301076,1909f56bfc062723c751e8b465ee728b)  -> (artifact id: '8c771205acf2a28f71b55b4b02cd6987') in 0.226740 seconds 
========================================================================
Received Import Request.
  Time since last request: 5.458996 seconds.
  path: Assets/Material/New Material.mat
  artifactKey: Guid(885c733e5e8ba264798c5a3297860a05) Importer(815301076,1909f56bfc062723c751e8b465ee728b)
Start importing Assets/Material/New Material.mat using Guid(885c733e5e8ba264798c5a3297860a05) Importer(815301076,1909f56bfc062723c751e8b465ee728b)  -> (artifact id: 'f8941ab6863d653415b2ca889f742bc0') in 0.034351 seconds 
========================================================================
Received Import Request.
  Time since last request: 6.210845 seconds.
  path: Assets/Material/white.mat
  artifactKey: Guid(885c733e5e8ba264798c5a3297860a05) Importer(815301076,1909f56bfc062723c751e8b465ee728b)
Start importing Assets/Material/white.mat using Guid(885c733e5e8ba264798c5a3297860a05) Importer(815301076,1909f56bfc062723c751e8b465ee728b)  -> (artifact id: '2e564c9fec54be8dbbd0b936b41a4282') in 0.041421 seconds 
========================================================================
Received Import Request.
  Time since last request: 3.565441 seconds.
  path: Assets/Material/Red.mat
  artifactKey: Guid(070d91aa656ca604795ec16505455602) Importer(815301076,1909f56bfc062723c751e8b465ee728b)
Start importing Assets/Material/Red.mat using Guid(070d91aa656ca604795ec16505455602) Importer(815301076,1909f56bfc062723c751e8b465ee728b)  -> (artifact id: '70046081d1a06b795285111fc6fa94c4') in 0.043379 seconds 
========================================================================
Received Import Request.
  Time since last request: 60.828561 seconds.
  path: Assets/Material/Yellow.mat
  artifactKey: Guid(cb533d33df83b9e4aab54be6dac0dd3f) Importer(815301076,1909f56bfc062723c751e8b465ee728b)
Start importing Assets/Material/Yellow.mat using Guid(cb533d33df83b9e4aab54be6dac0dd3f) Importer(815301076,1909f56bfc062723c751e8b465ee728b)  -> (artifact id: '33a6189d8b5e66d506452cd16e43c761') in 0.033566 seconds 
========================================================================
Received Import Request.
  Time since last request: 116.181774 seconds.
  path: Assets/Material/Yellow.mat
  artifactKey: Guid(cb533d33df83b9e4aab54be6dac0dd3f) Importer(815301076,1909f56bfc062723c751e8b465ee728b)
Start importing Assets/Material/Yellow.mat using Guid(cb533d33df83b9e4aab54be6dac0dd3f) Importer(815301076,1909f56bfc062723c751e8b465ee728b)  -> (artifact id: 'b1426b78b17d5e335f222a319307f1e7') in 0.040116 seconds 
